<?xml version="1.0" encoding="UTF-8"?>
<coverage generated="1763487960051" clover="3.2.0">
  <project timestamp="1763487960051" name="All files">
    <metrics statements="102" coveredstatements="86" conditionals="83" coveredconditionals="74" methods="13" coveredmethods="12" elements="198" coveredelements="172" complexity="0" loc="102" ncloc="102" packages="2" files="2" classes="2"/>
    <package name="lib">
      <metrics statements="63" coveredstatements="58" conditionals="72" coveredconditionals="66" methods="6" coveredmethods="6"/>
      <file name="dithering.js" path="/Users/ikraam/Documents/GitHub/home-assistant-addons/puppet/ha-puppet/lib/dithering.js">
        <metrics statements="63" coveredstatements="58" conditionals="72" coveredconditionals="66" methods="6" coveredmethods="6"/>
        <line num="73" count="45" type="cond" truecount="2" falsecount="0"/>
        <line num="74" count="1" type="stmt"/>
        <line num="84" count="44" type="stmt"/>
        <line num="87" count="44" type="cond" truecount="2" falsecount="0"/>
        <line num="88" count="1" type="stmt"/>
        <line num="91" count="43" type="cond" truecount="2" falsecount="0"/>
        <line num="92" count="1" type="stmt"/>
        <line num="95" count="42" type="cond" truecount="6" falsecount="0"/>
        <line num="96" count="2" type="stmt"/>
        <line num="99" count="40" type="cond" truecount="2" falsecount="0"/>
        <line num="100" count="1" type="stmt"/>
        <line num="104" count="39" type="cond" truecount="6" falsecount="0"/>
        <line num="105" count="2" type="stmt"/>
        <line num="108" count="37" type="stmt"/>
        <line num="110" count="37" type="stmt"/>
        <line num="112" count="37" type="stmt"/>
        <line num="116" count="37" type="cond" truecount="2" falsecount="0"/>
        <line num="117" count="35" type="stmt"/>
        <line num="121" count="37" type="stmt"/>
        <line num="124" count="37" type="cond" truecount="4" falsecount="0"/>
        <line num="126" count="3" type="stmt"/>
        <line num="127" count="3" type="stmt"/>
        <line num="128" count="3" type="stmt"/>
        <line num="133" count="37" type="cond" truecount="2" falsecount="0"/>
        <line num="136" count="6" type="cond" truecount="2" falsecount="0"/>
        <line num="137" count="5" type="stmt"/>
        <line num="138" count="1" type="cond" truecount="1" falsecount="1"/>
        <line num="139" count="0" type="stmt"/>
        <line num="141" count="1" type="stmt"/>
        <line num="143" count="31" type="cond" truecount="4" falsecount="0"/>
        <line num="147" count="29" type="stmt"/>
        <line num="149" count="29" type="cond" truecount="2" falsecount="0"/>
        <line num="150" count="27" type="stmt"/>
        <line num="151" count="2" type="cond" truecount="1" falsecount="1"/>
        <line num="152" count="2" type="stmt"/>
        <line num="155" count="0" type="stmt"/>
        <line num="160" count="2" type="cond" truecount="1" falsecount="1"/>
        <line num="161" count="2" type="stmt"/>
        <line num="162" count="0" type="cond" truecount="0" falsecount="2"/>
        <line num="163" count="0" type="stmt"/>
        <line num="170" count="37" type="stmt"/>
        <line num="171" count="37" type="stmt"/>
        <line num="172" count="37" type="stmt"/>
        <line num="173" count="37" type="cond" truecount="1" falsecount="1"/>
        <line num="174" count="37" type="stmt"/>
        <line num="178" count="37" type="stmt"/>
        <line num="182" count="37" type="stmt"/>
        <line num="183" count="37" type="stmt"/>
        <line num="192" count="37" type="stmt"/>
        <line num="194" count="0" type="stmt"/>
        <line num="208" count="4" type="stmt"/>
        <line num="243" count="14" type="cond" truecount="2" falsecount="0"/>
        <line num="245" count="14" type="cond" truecount="4" falsecount="0"/>
        <line num="246" count="1" type="stmt"/>
        <line num="249" count="13" type="cond" truecount="4" falsecount="0"/>
        <line num="250" count="2" type="stmt"/>
        <line num="253" count="11" type="cond" truecount="4" falsecount="0"/>
        <line num="254" count="2" type="stmt"/>
        <line num="257" count="9" type="cond" truecount="4" falsecount="0"/>
        <line num="258" count="2" type="stmt"/>
        <line num="261" count="7" type="cond" truecount="2" falsecount="0"/>
        <line num="262" count="2" type="stmt"/>
        <line num="265" count="5" type="stmt"/>
      </file>
    </package>
    <package name="tests.helpers">
      <metrics statements="39" coveredstatements="28" conditionals="11" coveredconditionals="8" methods="7" coveredmethods="6"/>
      <file name="imageComparison.js" path="/Users/ikraam/Documents/GitHub/home-assistant-addons/puppet/ha-puppet/tests/helpers/imageComparison.js">
        <metrics statements="39" coveredstatements="28" conditionals="11" coveredconditionals="8" methods="7" coveredmethods="6"/>
        <line num="31" count="5" type="cond" truecount="1" falsecount="0"/>
        <line num="34" count="5" type="stmt"/>
        <line num="35" count="5" type="stmt"/>
        <line num="38" count="5" type="stmt"/>
        <line num="39" count="5" type="stmt"/>
        <line num="42" count="5" type="cond" truecount="3" falsecount="1"/>
        <line num="43" count="0" type="stmt"/>
        <line num="49" count="5" type="stmt"/>
        <line num="52" count="5" type="stmt"/>
        <line num="61" count="5" type="stmt"/>
        <line num="62" count="5" type="stmt"/>
        <line num="64" count="5" type="stmt"/>
        <line num="81" count="10" type="stmt"/>
        <line num="83" count="10" type="cond" truecount="1" falsecount="1"/>
        <line num="84" count="10" type="stmt"/>
        <line num="88" count="0" type="stmt"/>
        <line num="115" count="0" type="stmt"/>
        <line num="117" count="0" type="stmt"/>
        <line num="125" count="0" type="stmt"/>
        <line num="132" count="0" type="stmt"/>
        <line num="133" count="0" type="stmt"/>
        <line num="136" count="0" type="stmt"/>
        <line num="157" count="0" type="stmt"/>
        <line num="173" count="4" type="stmt"/>
        <line num="174" count="4" type="stmt"/>
        <line num="175" count="4" type="stmt"/>
        <line num="177" count="0" type="stmt"/>
        <line num="178" count="0" type="stmt"/>
        <line num="195" count="8" type="stmt"/>
        <line num="199" count="8" type="stmt"/>
        <line num="200" count="8" type="stmt"/>
        <line num="202" count="8" type="stmt"/>
        <line num="204" count="2900000" type="stmt"/>
        <line num="205" count="2900000" type="cond" truecount="2" falsecount="0"/>
        <line num="208" count="8" type="stmt"/>
        <line num="209" count="8" type="stmt"/>
        <line num="210" count="1701" type="stmt"/>
        <line num="211" count="286" type="stmt"/>
        <line num="213" count="8" type="stmt"/>
      </file>
    </package>
  </project>
</coverage>
