TN:
SF:lib/dithering.js
FN:71,applyDithering
FN:170,(anonymous_1)
FN:171,(anonymous_2)
FN:172,(anonymous_3)
FN:207,getSupportedMethods
FN:242,validateOptions
FNF:6
FNH:6
FNDA:45,applyDithering
FNDA:37,(anonymous_1)
FNDA:37,(anonymous_2)
FNDA:37,(anonymous_3)
FNDA:4,getSupportedMethods
FNDA:14,validateOptions
DA:73,45
DA:74,1
DA:84,44
DA:87,44
DA:88,1
DA:91,43
DA:92,1
DA:95,42
DA:96,2
DA:99,40
DA:100,1
DA:104,39
DA:105,2
DA:108,37
DA:110,37
DA:112,37
DA:116,37
DA:117,35
DA:121,37
DA:124,37
DA:126,3
DA:127,3
DA:128,3
DA:133,37
DA:136,6
DA:137,5
DA:138,1
DA:139,0
DA:141,1
DA:143,31
DA:147,29
DA:149,29
DA:150,27
DA:151,2
DA:152,2
DA:155,0
DA:160,2
DA:161,2
DA:162,0
DA:163,0
DA:170,37
DA:171,37
DA:172,37
DA:173,37
DA:174,37
DA:178,37
DA:182,37
DA:183,37
DA:192,37
DA:194,0
DA:208,4
DA:243,14
DA:245,14
DA:246,1
DA:249,13
DA:250,2
DA:253,11
DA:254,2
DA:257,9
DA:258,2
DA:261,7
DA:262,2
DA:265,5
LF:63
LH:58
BRDA:71,0,0,3
BRDA:73,1,0,1
BRDA:73,1,1,44
BRDA:79,2,0,10
BRDA:80,3,0,7
BRDA:81,4,0,38
BRDA:82,5,0,38
BRDA:83,6,0,38
BRDA:87,7,0,1
BRDA:87,7,1,43
BRDA:91,8,0,1
BRDA:91,8,1,42
BRDA:95,9,0,2
BRDA:95,9,1,40
BRDA:95,10,0,42
BRDA:95,10,1,41
BRDA:95,10,2,41
BRDA:95,10,3,41
BRDA:99,11,0,1
BRDA:99,11,1,39
BRDA:104,12,0,2
BRDA:104,12,1,37
BRDA:104,13,0,39
BRDA:104,13,1,3
BRDA:104,13,2,2
BRDA:104,13,3,2
BRDA:116,14,0,35
BRDA:116,14,1,2
BRDA:124,15,0,3
BRDA:124,15,1,34
BRDA:124,16,0,37
BRDA:124,16,1,35
BRDA:133,17,0,6
BRDA:133,17,1,31
BRDA:136,18,0,5
BRDA:136,18,1,1
BRDA:138,19,0,0
BRDA:138,19,1,1
BRDA:143,20,0,29
BRDA:143,20,1,2
BRDA:143,21,0,31
BRDA:143,21,1,12
BRDA:149,22,0,27
BRDA:149,22,1,2
BRDA:151,23,0,2
BRDA:151,23,1,0
BRDA:160,24,0,2
BRDA:160,24,1,0
BRDA:162,25,0,0
BRDA:162,25,1,0
BRDA:173,26,0,0
BRDA:173,26,1,37
BRDA:243,27,0,10
BRDA:243,28,0,10
BRDA:245,29,0,1
BRDA:245,29,1,13
BRDA:245,30,0,14
BRDA:245,30,1,5
BRDA:249,31,0,2
BRDA:249,31,1,11
BRDA:249,32,0,13
BRDA:249,32,1,6
BRDA:253,33,0,2
BRDA:253,33,1,9
BRDA:253,34,0,11
BRDA:253,34,1,10
BRDA:257,35,0,2
BRDA:257,35,1,7
BRDA:257,36,0,9
BRDA:257,36,1,8
BRDA:261,37,0,2
BRDA:261,37,1,5
BRF:72
BRH:66
end_of_record
TN:
SF:tests/helpers/imageComparison.js
FN:30,compareImages
FN:80,ensurePNG
FN:108,generateComparisonImage
FN:172,areImagesSimilar
FN:194,getColorHistogram
FN:210,(anonymous_5)
FN:211,(anonymous_6)
FNF:7
FNH:6
FNDA:5,compareImages
FNDA:10,ensurePNG
FNDA:0,generateComparisonImage
FNDA:4,areImagesSimilar
FNDA:8,getColorHistogram
FNDA:1701,(anonymous_5)
FNDA:286,(anonymous_6)
DA:31,5
DA:34,5
DA:35,5
DA:38,5
DA:39,5
DA:42,5
DA:43,0
DA:49,5
DA:52,5
DA:61,5
DA:62,5
DA:64,5
DA:81,10
DA:83,10
DA:84,10
DA:88,0
DA:115,0
DA:117,0
DA:125,0
DA:132,0
DA:133,0
DA:136,0
DA:157,0
DA:173,4
DA:174,4
DA:175,4
DA:177,0
DA:178,0
DA:195,8
DA:199,8
DA:200,8
DA:202,8
DA:204,2900000
DA:205,2900000
DA:208,8
DA:209,8
DA:210,1701
DA:211,286
DA:213,8
LF:39
LH:28
BRDA:30,0,0,5
BRDA:31,1,0,5
BRDA:42,2,0,0
BRDA:42,2,1,5
BRDA:42,3,0,5
BRDA:42,3,1,5
BRDA:83,4,0,10
BRDA:83,4,1,0
BRDA:172,5,0,0
BRDA:205,6,0,2900000
BRDA:205,6,1,286
BRF:11
BRH:8
end_of_record
