{"/Users/ikraam/Documents/GitHub/home-assistant-addons/puppet/ha-puppet/lib/dithering.js": {"path":"/Users/ikraam/Documents/GitHub/home-assistant-addons/puppet/ha-puppet/lib/dithering.js","statementMap":{"0":{"start":{"line":73,"column":2},"end":{"line":75,"column":3}},"1":{"start":{"line":74,"column":4},"end":{"line":74,"column":52}},"2":{"start":{"line":84,"column":6},"end":{"line":84,"column":13}},"3":{"start":{"line":87,"column":2},"end":{"line":89,"column":3}},"4":{"start":{"line":88,"column":4},"end":{"line":88,"column":59}},"5":{"start":{"line":91,"column":2},"end":{"line":93,"column":3}},"6":{"start":{"line":92,"column":4},"end":{"line":92,"column":77}},"7":{"start":{"line":95,"column":2},"end":{"line":97,"column":3}},"8":{"start":{"line":96,"column":4},"end":{"line":96,"column":72}},"9":{"start":{"line":99,"column":2},"end":{"line":101,"column":3}},"10":{"start":{"line":100,"column":4},"end":{"line":100,"column":65}},"11":{"start":{"line":104,"column":2},"end":{"line":106,"column":3}},"12":{"start":{"line":105,"column":4},"end":{"line":105,"column":23}},"13":{"start":{"line":108,"column":20},"end":{"line":108,"column":30}},"14":{"start":{"line":110,"column":2},"end":{"line":195,"column":3}},"15":{"start":{"line":112,"column":16},"end":{"line":112,"column":31}},"16":{"start":{"line":116,"column":4},"end":{"line":118,"column":5}},"17":{"start":{"line":117,"column":6},"end":{"line":117,"column":32}},"18":{"start":{"line":121,"column":4},"end":{"line":121,"column":37}},"19":{"start":{"line":124,"column":4},"end":{"line":129,"column":5}},"20":{"start":{"line":126,"column":25},"end":{"line":126,"column":41}},"21":{"start":{"line":127,"column":25},"end":{"line":127,"column":41}},"22":{"start":{"line":128,"column":6},"end":{"line":128,"column":55}},"23":{"start":{"line":133,"column":4},"end":{"line":166,"column":5}},"24":{"start":{"line":136,"column":6},"end":{"line":142,"column":7}},"25":{"start":{"line":137,"column":8},"end":{"line":137,"column":48}},"26":{"start":{"line":138,"column":13},"end":{"line":142,"column":7}},"27":{"start":{"line":139,"column":8},"end":{"line":139,"column":49}},"28":{"start":{"line":141,"column":8},"end":{"line":141,"column":42}},"29":{"start":{"line":143,"column":11},"end":{"line":166,"column":5}},"30":{"start":{"line":147,"column":21},"end":{"line":147,"column":42}},"31":{"start":{"line":149,"column":6},"end":{"line":156,"column":7}},"32":{"start":{"line":150,"column":8},"end":{"line":150,"column":50}},"33":{"start":{"line":151,"column":13},"end":{"line":156,"column":7}},"34":{"start":{"line":152,"column":8},"end":{"line":152,"column":51}},"35":{"start":{"line":155,"column":8},"end":{"line":155,"column":37}},"36":{"start":{"line":160,"column":6},"end":{"line":164,"column":7}},"37":{"start":{"line":161,"column":8},"end":{"line":161,"column":35}},"38":{"start":{"line":162,"column":13},"end":{"line":164,"column":7}},"39":{"start":{"line":163,"column":8},"end":{"line":163,"column":36}},"40":{"start":{"line":170,"column":21},"end":{"line":177,"column":5}},"41":{"start":{"line":171,"column":6},"end":{"line":176,"column":9}},"42":{"start":{"line":172,"column":8},"end":{"line":175,"column":11}},"43":{"start":{"line":173,"column":10},"end":{"line":174,"column":31}},"44":{"start":{"line":173,"column":19},"end":{"line":173,"column":31}},"45":{"start":{"line":174,"column":15},"end":{"line":174,"column":31}},"46":{"start":{"line":178,"column":19},"end":{"line":178,"column":40}},"47":{"start":{"line":182,"column":21},"end":{"line":182,"column":43}},"48":{"start":{"line":183,"column":4},"end":{"line":190,"column":7}},"49":{"start":{"line":192,"column":4},"end":{"line":192,"column":18}},"50":{"start":{"line":194,"column":4},"end":{"line":194,"column":58}},"51":{"start":{"line":208,"column":2},"end":{"line":224,"column":4}},"52":{"start":{"line":243,"column":65},"end":{"line":243,"column":72}},"53":{"start":{"line":245,"column":2},"end":{"line":247,"column":3}},"54":{"start":{"line":246,"column":4},"end":{"line":246,"column":49}},"55":{"start":{"line":249,"column":2},"end":{"line":251,"column":3}},"56":{"start":{"line":250,"column":4},"end":{"line":250,"column":54}},"57":{"start":{"line":253,"column":2},"end":{"line":255,"column":3}},"58":{"start":{"line":254,"column":4},"end":{"line":254,"column":60}},"59":{"start":{"line":257,"column":2},"end":{"line":259,"column":3}},"60":{"start":{"line":258,"column":4},"end":{"line":258,"column":60}},"61":{"start":{"line":261,"column":2},"end":{"line":263,"column":3}},"62":{"start":{"line":262,"column":4},"end":{"line":262,"column":63}},"63":{"start":{"line":265,"column":2},"end":{"line":265,"column":14}}},"fnMap":{"0":{"name":"applyDithering","decl":{"start":{"line":71,"column":22},"end":{"line":71,"column":36}},"loc":{"start":{"line":71,"column":64},"end":{"line":196,"column":1}},"line":71},"1":{"name":"(anonymous_1)","decl":{"start":{"line":170,"column":21},"end":{"line":170,"column":22}},"loc":{"start":{"line":170,"column":33},"end":{"line":177,"column":5}},"line":170},"2":{"name":"(anonymous_2)","decl":{"start":{"line":171,"column":25},"end":{"line":171,"column":26}},"loc":{"start":{"line":171,"column":46},"end":{"line":176,"column":7}},"line":171},"3":{"name":"(anonymous_3)","decl":{"start":{"line":172,"column":31},"end":{"line":172,"column":32}},"loc":{"start":{"line":172,"column":48},"end":{"line":175,"column":9}},"line":172},"4":{"name":"getSupportedMethods","decl":{"start":{"line":207,"column":16},"end":{"line":207,"column":35}},"loc":{"start":{"line":207,"column":38},"end":{"line":225,"column":1}},"line":207},"5":{"name":"validateOptions","decl":{"start":{"line":242,"column":16},"end":{"line":242,"column":31}},"loc":{"start":{"line":242,"column":41},"end":{"line":266,"column":1}},"line":242}},"branchMap":{"0":{"loc":{"start":{"line":71,"column":50},"end":{"line":71,"column":62}},"type":"default-arg","locations":[{"start":{"line":71,"column":60},"end":{"line":71,"column":62}}],"line":71},"1":{"loc":{"start":{"line":73,"column":2},"end":{"line":75,"column":3}},"type":"if","locations":[{"start":{"line":73,"column":2},"end":{"line":75,"column":3}},{"start":{},"end":{}}],"line":73},"2":{"loc":{"start":{"line":79,"column":4},"end":{"line":79,"column":30}},"type":"default-arg","locations":[{"start":{"line":79,"column":13},"end":{"line":79,"column":30}}],"line":79},"3":{"loc":{"start":{"line":80,"column":4},"end":{"line":80,"column":16}},"type":"default-arg","locations":[{"start":{"line":80,"column":15},"end":{"line":80,"column":16}}],"line":80},"4":{"loc":{"start":{"line":81,"column":4},"end":{"line":81,"column":26}},"type":"default-arg","locations":[{"start":{"line":81,"column":22},"end":{"line":81,"column":26}}],"line":81},"5":{"loc":{"start":{"line":82,"column":4},"end":{"line":82,"column":18}},"type":"default-arg","locations":[{"start":{"line":82,"column":17},"end":{"line":82,"column":18}}],"line":82},"6":{"loc":{"start":{"line":83,"column":4},"end":{"line":83,"column":20}},"type":"default-arg","locations":[{"start":{"line":83,"column":17},"end":{"line":83,"column":20}}],"line":83},"7":{"loc":{"start":{"line":87,"column":2},"end":{"line":89,"column":3}},"type":"if","locations":[{"start":{"line":87,"column":2},"end":{"line":89,"column":3}},{"start":{},"end":{}}],"line":87},"8":{"loc":{"start":{"line":91,"column":2},"end":{"line":93,"column":3}},"type":"if","locations":[{"start":{"line":91,"column":2},"end":{"line":93,"column":3}},{"start":{},"end":{}}],"line":91},"9":{"loc":{"start":{"line":95,"column":2},"end":{"line":97,"column":3}},"type":"if","locations":[{"start":{"line":95,"column":2},"end":{"line":97,"column":3}},{"start":{},"end":{}}],"line":95},"10":{"loc":{"start":{"line":95,"column":6},"end":{"line":95,"column":78}},"type":"binary-expr","locations":[{"start":{"line":95,"column":6},"end":{"line":95,"column":20}},{"start":{"line":95,"column":24},"end":{"line":95,"column":40}},{"start":{"line":95,"column":44},"end":{"line":95,"column":58}},{"start":{"line":95,"column":62},"end":{"line":95,"column":78}}],"line":95},"11":{"loc":{"start":{"line":99,"column":2},"end":{"line":101,"column":3}},"type":"if","locations":[{"start":{"line":99,"column":2},"end":{"line":101,"column":3}},{"start":{},"end":{}}],"line":99},"12":{"loc":{"start":{"line":104,"column":2},"end":{"line":106,"column":3}},"type":"if","locations":[{"start":{"line":104,"column":2},"end":{"line":106,"column":3}},{"start":{},"end":{}}],"line":104},"13":{"loc":{"start":{"line":104,"column":6},"end":{"line":104,"column":83}},"type":"binary-expr","locations":[{"start":{"line":104,"column":6},"end":{"line":104,"column":23}},{"start":{"line":104,"column":27},"end":{"line":104,"column":41}},{"start":{"line":104,"column":45},"end":{"line":104,"column":61}},{"start":{"line":104,"column":65},"end":{"line":104,"column":83}}],"line":104},"14":{"loc":{"start":{"line":116,"column":4},"end":{"line":118,"column":5}},"type":"if","locations":[{"start":{"line":116,"column":4},"end":{"line":118,"column":5}},{"start":{},"end":{}}],"line":116},"15":{"loc":{"start":{"line":124,"column":4},"end":{"line":129,"column":5}},"type":"if","locations":[{"start":{"line":124,"column":4},"end":{"line":129,"column":5}},{"start":{},"end":{}}],"line":124},"16":{"loc":{"start":{"line":124,"column":8},"end":{"line":124,"column":42}},"type":"binary-expr","locations":[{"start":{"line":124,"column":8},"end":{"line":124,"column":22}},{"start":{"line":124,"column":26},"end":{"line":124,"column":42}}],"line":124},"17":{"loc":{"start":{"line":133,"column":4},"end":{"line":166,"column":5}},"type":"if","locations":[{"start":{"line":133,"column":4},"end":{"line":166,"column":5}},{"start":{"line":143,"column":11},"end":{"line":166,"column":5}}],"line":133},"18":{"loc":{"start":{"line":136,"column":6},"end":{"line":142,"column":7}},"type":"if","locations":[{"start":{"line":136,"column":6},"end":{"line":142,"column":7}},{"start":{"line":138,"column":13},"end":{"line":142,"column":7}}],"line":136},"19":{"loc":{"start":{"line":138,"column":13},"end":{"line":142,"column":7}},"type":"if","locations":[{"start":{"line":138,"column":13},"end":{"line":142,"column":7}},{"start":{"line":140,"column":13},"end":{"line":142,"column":7}}],"line":138},"20":{"loc":{"start":{"line":143,"column":11},"end":{"line":166,"column":5}},"type":"if","locations":[{"start":{"line":143,"column":11},"end":{"line":166,"column":5}},{"start":{"line":157,"column":11},"end":{"line":166,"column":5}}],"line":143},"21":{"loc":{"start":{"line":143,"column":15},"end":{"line":143,"column":47}},"type":"binary-expr","locations":[{"start":{"line":143,"column":15},"end":{"line":143,"column":29}},{"start":{"line":143,"column":33},"end":{"line":143,"column":47}}],"line":143},"22":{"loc":{"start":{"line":149,"column":6},"end":{"line":156,"column":7}},"type":"if","locations":[{"start":{"line":149,"column":6},"end":{"line":156,"column":7}},{"start":{"line":151,"column":13},"end":{"line":156,"column":7}}],"line":149},"23":{"loc":{"start":{"line":151,"column":13},"end":{"line":156,"column":7}},"type":"if","locations":[{"start":{"line":151,"column":13},"end":{"line":156,"column":7}},{"start":{"line":153,"column":13},"end":{"line":156,"column":7}}],"line":151},"24":{"loc":{"start":{"line":160,"column":6},"end":{"line":164,"column":7}},"type":"if","locations":[{"start":{"line":160,"column":6},"end":{"line":164,"column":7}},{"start":{"line":162,"column":13},"end":{"line":164,"column":7}}],"line":160},"25":{"loc":{"start":{"line":162,"column":13},"end":{"line":164,"column":7}},"type":"if","locations":[{"start":{"line":162,"column":13},"end":{"line":164,"column":7}},{"start":{},"end":{}}],"line":162},"26":{"loc":{"start":{"line":173,"column":10},"end":{"line":174,"column":31}},"type":"if","locations":[{"start":{"line":173,"column":10},"end":{"line":174,"column":31}},{"start":{"line":174,"column":15},"end":{"line":174,"column":31}}],"line":173},"27":{"loc":{"start":{"line":243,"column":28},"end":{"line":243,"column":42}},"type":"default-arg","locations":[{"start":{"line":243,"column":41},"end":{"line":243,"column":42}}],"line":243},"28":{"loc":{"start":{"line":243,"column":44},"end":{"line":243,"column":60}},"type":"default-arg","locations":[{"start":{"line":243,"column":57},"end":{"line":243,"column":60}}],"line":243},"29":{"loc":{"start":{"line":245,"column":2},"end":{"line":247,"column":3}},"type":"if","locations":[{"start":{"line":245,"column":2},"end":{"line":247,"column":3}},{"start":{},"end":{}}],"line":245},"30":{"loc":{"start":{"line":245,"column":6},"end":{"line":245,"column":72}},"type":"binary-expr","locations":[{"start":{"line":245,"column":6},"end":{"line":245,"column":12}},{"start":{"line":245,"column":16},"end":{"line":245,"column":72}}],"line":245},"31":{"loc":{"start":{"line":249,"column":2},"end":{"line":251,"column":3}},"type":"if","locations":[{"start":{"line":249,"column":2},"end":{"line":251,"column":3}},{"start":{},"end":{}}],"line":249},"32":{"loc":{"start":{"line":249,"column":6},"end":{"line":249,"column":50}},"type":"binary-expr","locations":[{"start":{"line":249,"column":6},"end":{"line":249,"column":14}},{"start":{"line":249,"column":18},"end":{"line":249,"column":50}}],"line":249},"33":{"loc":{"start":{"line":253,"column":2},"end":{"line":255,"column":3}},"type":"if","locations":[{"start":{"line":253,"column":2},"end":{"line":255,"column":3}},{"start":{},"end":{}}],"line":253},"34":{"loc":{"start":{"line":253,"column":6},"end":{"line":253,"column":40}},"type":"binary-expr","locations":[{"start":{"line":253,"column":6},"end":{"line":253,"column":20}},{"start":{"line":253,"column":24},"end":{"line":253,"column":40}}],"line":253},"35":{"loc":{"start":{"line":257,"column":2},"end":{"line":259,"column":3}},"type":"if","locations":[{"start":{"line":257,"column":2},"end":{"line":259,"column":3}},{"start":{},"end":{}}],"line":257},"36":{"loc":{"start":{"line":257,"column":6},"end":{"line":257,"column":40}},"type":"binary-expr","locations":[{"start":{"line":257,"column":6},"end":{"line":257,"column":20}},{"start":{"line":257,"column":24},"end":{"line":257,"column":40}}],"line":257},"37":{"loc":{"start":{"line":261,"column":2},"end":{"line":263,"column":3}},"type":"if","locations":[{"start":{"line":261,"column":2},"end":{"line":263,"column":3}},{"start":{},"end":{}}],"line":261}},"s":{"0":45,"1":1,"2":44,"3":44,"4":1,"5":43,"6":1,"7":42,"8":2,"9":40,"10":1,"11":39,"12":2,"13":37,"14":37,"15":37,"16":37,"17":35,"18":37,"19":37,"20":3,"21":3,"22":3,"23":37,"24":6,"25":5,"26":1,"27":0,"28":1,"29":31,"30":29,"31":29,"32":27,"33":2,"34":2,"35":0,"36":2,"37":2,"38":0,"39":0,"40":37,"41":37,"42":37,"43":37,"44":0,"45":37,"46":37,"47":37,"48":37,"49":37,"50":0,"51":4,"52":14,"53":14,"54":1,"55":13,"56":2,"57":11,"58":2,"59":9,"60":2,"61":7,"62":2,"63":5},"f":{"0":45,"1":37,"2":37,"3":37,"4":4,"5":14},"b":{"0":[3],"1":[1,44],"2":[10],"3":[7],"4":[38],"5":[38],"6":[38],"7":[1,43],"8":[1,42],"9":[2,40],"10":[42,41,41,41],"11":[1,39],"12":[2,37],"13":[39,3,2,2],"14":[35,2],"15":[3,34],"16":[37,35],"17":[6,31],"18":[5,1],"19":[0,1],"20":[29,2],"21":[31,12],"22":[27,2],"23":[2,0],"24":[2,0],"25":[0,0],"26":[0,37],"27":[10],"28":[10],"29":[1,13],"30":[14,5],"31":[2,11],"32":[13,6],"33":[2,9],"34":[11,10],"35":[2,7],"36":[9,8],"37":[2,5]},"_coverageSchema":"1a1c01bbd47fc00a2c39e90264f33305004495a9","hash":"70393076d2fb48905ef5023f56245b5b8178fc2d"}
,"/Users/ikraam/Documents/GitHub/home-assistant-addons/puppet/ha-puppet/tests/helpers/imageComparison.js": {"path":"/Users/ikraam/Documents/GitHub/home-assistant-addons/puppet/ha-puppet/tests/helpers/imageComparison.js","statementMap":{"0":{"start":{"line":31,"column":30},"end":{"line":31,"column":37}},"1":{"start":{"line":34,"column":21},"end":{"line":34,"column":45}},"2":{"start":{"line":35,"column":21},"end":{"line":35,"column":45}},"3":{"start":{"line":38,"column":15},"end":{"line":38,"column":40}},"4":{"start":{"line":39,"column":15},"end":{"line":39,"column":40}},"5":{"start":{"line":42,"column":2},"end":{"line":46,"column":3}},"6":{"start":{"line":43,"column":4},"end":{"line":45,"column":6}},"7":{"start":{"line":49,"column":15},"end":{"line":49,"column":66}},"8":{"start":{"line":52,"column":24},"end":{"line":59,"column":3}},"9":{"start":{"line":61,"column":22},"end":{"line":61,"column":46}},"10":{"start":{"line":62,"column":31},"end":{"line":62,"column":66}},"11":{"start":{"line":64,"column":2},"end":{"line":71,"column":4}},"12":{"start":{"line":81,"column":19},"end":{"line":81,"column":49}},"13":{"start":{"line":83,"column":2},"end":{"line":85,"column":3}},"14":{"start":{"line":84,"column":4},"end":{"line":84,"column":18}},"15":{"start":{"line":88,"column":2},"end":{"line":88,"column":46}},"16":{"start":{"line":115,"column":23},"end":{"line":115,"column":26}},"17":{"start":{"line":117,"column":42},"end":{"line":122,"column":4}},"18":{"start":{"line":125,"column":58},"end":{"line":130,"column":4}},"19":{"start":{"line":132,"column":21},"end":{"line":132,"column":98}},"20":{"start":{"line":133,"column":18},"end":{"line":133,"column":20}},"21":{"start":{"line":136,"column":20},"end":{"line":155,"column":15}},"22":{"start":{"line":157,"column":2},"end":{"line":157,"column":19}},"23":{"start":{"line":173,"column":2},"end":{"line":179,"column":3}},"24":{"start":{"line":174,"column":19},"end":{"line":174,"column":56}},"25":{"start":{"line":175,"column":4},"end":{"line":175,"column":63}},"26":{"start":{"line":177,"column":4},"end":{"line":177,"column":61}},"27":{"start":{"line":178,"column":4},"end":{"line":178,"column":17}},"28":{"start":{"line":195,"column":25},"end":{"line":197,"column":42}},"29":{"start":{"line":199,"column":22},"end":{"line":199,"column":24}},"30":{"start":{"line":200,"column":19},"end":{"line":200,"column":32}},"31":{"start":{"line":202,"column":2},"end":{"line":206,"column":3}},"32":{"start":{"line":202,"column":15},"end":{"line":202,"column":16}},"33":{"start":{"line":204,"column":18},"end":{"line":204,"column":25}},"34":{"start":{"line":205,"column":4},"end":{"line":205,"column":55}},"35":{"start":{"line":208,"column":23},"end":{"line":208,"column":54}},"36":{"start":{"line":209,"column":23},"end":{"line":211,"column":65}},"37":{"start":{"line":210,"column":20},"end":{"line":210,"column":31}},"38":{"start":{"line":211,"column":30},"end":{"line":211,"column":63}},"39":{"start":{"line":213,"column":2},"end":{"line":217,"column":4}}},"fnMap":{"0":{"name":"compareImages","decl":{"start":{"line":30,"column":22},"end":{"line":30,"column":35}},"loc":{"start":{"line":30,"column":68},"end":{"line":72,"column":1}},"line":30},"1":{"name":"ensurePNG","decl":{"start":{"line":80,"column":15},"end":{"line":80,"column":24}},"loc":{"start":{"line":80,"column":33},"end":{"line":89,"column":1}},"line":80},"2":{"name":"generateComparisonImage","decl":{"start":{"line":108,"column":22},"end":{"line":108,"column":45}},"loc":{"start":{"line":113,"column":2},"end":{"line":158,"column":1}},"line":113},"3":{"name":"areImagesSimilar","decl":{"start":{"line":172,"column":22},"end":{"line":172,"column":38}},"loc":{"start":{"line":172,"column":83},"end":{"line":180,"column":1}},"line":172},"4":{"name":"getColorHistogram","decl":{"start":{"line":194,"column":22},"end":{"line":194,"column":39}},"loc":{"start":{"line":194,"column":48},"end":{"line":218,"column":1}},"line":194},"5":{"name":"(anonymous_5)","decl":{"start":{"line":210,"column":10},"end":{"line":210,"column":11}},"loc":{"start":{"line":210,"column":20},"end":{"line":210,"column":31}},"line":210},"6":{"name":"(anonymous_6)","decl":{"start":{"line":211,"column":9},"end":{"line":211,"column":10}},"loc":{"start":{"line":211,"column":30},"end":{"line":211,"column":63}},"line":211}},"branchMap":{"0":{"loc":{"start":{"line":30,"column":54},"end":{"line":30,"column":66}},"type":"default-arg","locations":[{"start":{"line":30,"column":64},"end":{"line":30,"column":66}}],"line":30},"1":{"loc":{"start":{"line":31,"column":10},"end":{"line":31,"column":25}},"type":"default-arg","locations":[{"start":{"line":31,"column":22},"end":{"line":31,"column":25}}],"line":31},"2":{"loc":{"start":{"line":42,"column":2},"end":{"line":46,"column":3}},"type":"if","locations":[{"start":{"line":42,"column":2},"end":{"line":46,"column":3}},{"start":{},"end":{}}],"line":42},"3":{"loc":{"start":{"line":42,"column":6},"end":{"line":42,"column":62}},"type":"binary-expr","locations":[{"start":{"line":42,"column":6},"end":{"line":42,"column":31}},{"start":{"line":42,"column":35},"end":{"line":42,"column":62}}],"line":42},"4":{"loc":{"start":{"line":83,"column":2},"end":{"line":85,"column":3}},"type":"if","locations":[{"start":{"line":83,"column":2},"end":{"line":85,"column":3}},{"start":{},"end":{}}],"line":83},"5":{"loc":{"start":{"line":172,"column":57},"end":{"line":172,"column":81}},"type":"default-arg","locations":[{"start":{"line":172,"column":80},"end":{"line":172,"column":81}}],"line":172},"6":{"loc":{"start":{"line":205,"column":26},"end":{"line":205,"column":49}},"type":"binary-expr","locations":[{"start":{"line":205,"column":26},"end":{"line":205,"column":44}},{"start":{"line":205,"column":48},"end":{"line":205,"column":49}}],"line":205}},"s":{"0":5,"1":5,"2":5,"3":5,"4":5,"5":5,"6":0,"7":5,"8":5,"9":5,"10":5,"11":5,"12":10,"13":10,"14":10,"15":0,"16":0,"17":0,"18":0,"19":0,"20":0,"21":0,"22":0,"23":4,"24":4,"25":4,"26":0,"27":0,"28":8,"29":8,"30":8,"31":8,"32":8,"33":2900000,"34":2900000,"35":8,"36":8,"37":1701,"38":286,"39":8},"f":{"0":5,"1":10,"2":0,"3":4,"4":8,"5":1701,"6":286},"b":{"0":[5],"1":[5],"2":[0,5],"3":[5,5],"4":[10,0],"5":[0],"6":[2900000,286]},"_coverageSchema":"1a1c01bbd47fc00a2c39e90264f33305004495a9","hash":"c61e1b752d866f2122f0584c6fe8c1e9a0ecf60d"}
}
